<?xml version="1.0" encoding="UTF-8"?>
<!-- Generated by org.testng.reporters.JUnitXMLReporter -->
<testsuite ignored="4" hostname="DESKTOP-1U1HSEP" failures="0" tests="3" name="RegressionSuite" time="111.334" errors="0" timestamp="2025-12-04T11:23:30 IST">
  <testcase classname="Test.LoginTests" name="LoginSuite" time="31.457"/>
  <testcase classname="Test.PIMTests" name="PIMSuite" time="35.425"/>
  <testcase classname="Test.LeaveTests" name="LeaveSuite" time="44.362"/>
  <testcase classname="testbase.BaseTemplate" name="@AfterSuite afterSuiteCleanup" time="0.0">
    <ignored/>
  </testcase> <!-- @AfterSuite afterSuiteCleanup -->
  <testcase classname="testbase.BaseTemplate" name="@AfterSuite afterSuiteCleanup" time="0.0">
    <ignored/>
  </testcase> <!-- @AfterSuite afterSuiteCleanup -->
  <testcase classname="testbase.BaseTemplate" name="@BeforeSuite beforeSuiteSetup" time="0.0">
    <ignored/>
  </testcase> <!-- @BeforeSuite beforeSuiteSetup -->
  <testcase classname="testbase.BaseTemplate" name="@BeforeSuite beforeSuiteSetup" time="0.0">
    <ignored/>
  </testcase> <!-- @BeforeSuite beforeSuiteSetup -->
</testsuite> <!-- RegressionSuite -->
