<?xml version="1.0" encoding="UTF-8"?>
<testng-results ignored="0" total="3" passed="3" failed="0" skipped="0">
  <reporter-output>
  </reporter-output>
  <suite started-at="2025-12-15T11:19:46 IST" name="AutomationSuite" finished-at="2025-12-15T11:22:16 IST" duration-ms="149776">
    <groups>
    </groups>
    <test started-at="2025-12-15T11:19:46 IST" name="LoginSuite" finished-at="2025-12-15T11:20:40 IST" duration-ms="54001">
      <class name="test.LoginTests">
        <test-method is-config="true" signature="getMethodname(java.lang.reflect.Method)[pri:0, instance:test.LoginTests@6156496]" started-at="2025-12-15T11:19:46 IST" name="getMethodname" finished-at="2025-12-15T11:19:46 IST" duration-ms="2" status="PASS">
          <params>
            <param index="0">
              <value>
                <![CDATA[public void test.LoginTests.LoginSuite() throws java.io.IOException,java.lang.InterruptedException]]>
              </value>
            </param>
          </params>
          <reporter-output>
          </reporter-output>
        </test-method> <!-- getMethodname -->
        <test-method signature="LoginSuite()[pri:0, instance:test.LoginTests@6156496]" started-at="2025-12-15T11:19:46 IST" name="LoginSuite" finished-at="2025-12-15T11:20:40 IST" duration-ms="53882" status="PASS">
          <reporter-output>
          </reporter-output>
        </test-method> <!-- LoginSuite -->
      </class> <!-- test.LoginTests -->
    </test> <!-- LoginSuite -->
    <test started-at="2025-12-15T11:20:40 IST" name="PIMSuite" finished-at="2025-12-15T11:21:31 IST" duration-ms="51368">
      <class name="test.PIMTests">
        <test-method is-config="true" signature="getMethodname(java.lang.reflect.Method)[pri:0, instance:test.PIMTests@7692d9cc]" started-at="2025-12-15T11:20:40 IST" name="getMethodname" finished-at="2025-12-15T11:20:40 IST" duration-ms="8" status="PASS">
          <params>
            <param index="0">
              <value>
                <![CDATA[public void test.PIMTests.PIMSuite() throws java.io.IOException,java.lang.InterruptedException]]>
              </value>
            </param>
          </params>
          <reporter-output>
          </reporter-output>
        </test-method> <!-- getMethodname -->
        <test-method signature="PIMSuite()[pri:0, instance:test.PIMTests@7692d9cc]" started-at="2025-12-15T11:20:40 IST" name="PIMSuite" finished-at="2025-12-15T11:21:31 IST" duration-ms="51360" status="PASS">
          <reporter-output>
          </reporter-output>
        </test-method> <!-- PIMSuite -->
      </class> <!-- test.PIMTests -->
    </test> <!-- PIMSuite -->
    <test started-at="2025-12-15T11:21:31 IST" name="LeaveSuite" finished-at="2025-12-15T11:22:16 IST" duration-ms="44084">
      <class name="test.LeaveTests">
        <test-method is-config="true" signature="beforeSuiteSetup()[pri:0, instance:test.LeaveTests@23529fee]" started-at="2025-12-15T11:19:34 IST" name="beforeSuiteSetup" finished-at="2025-12-15T11:19:46 IST" duration-ms="11486" status="PASS">
          <reporter-output>
          </reporter-output>
        </test-method> <!-- beforeSuiteSetup -->
        <test-method is-config="true" signature="getMethodname(java.lang.reflect.Method)[pri:0, instance:test.LeaveTests@23529fee]" started-at="2025-12-15T11:21:31 IST" name="getMethodname" finished-at="2025-12-15T11:21:31 IST" duration-ms="2" status="PASS">
          <params>
            <param index="0">
              <value>
                <![CDATA[public void test.LeaveTests.LeaveSuite() throws java.io.IOException,java.lang.InterruptedException]]>
              </value>
            </param>
          </params>
          <reporter-output>
          </reporter-output>
        </test-method> <!-- getMethodname -->
        <test-method signature="LeaveSuite()[pri:0, instance:test.LeaveTests@23529fee]" started-at="2025-12-15T11:21:31 IST" name="LeaveSuite" finished-at="2025-12-15T11:22:16 IST" duration-ms="44077" status="PASS">
          <reporter-output>
          </reporter-output>
        </test-method> <!-- LeaveSuite -->
        <test-method is-config="true" signature="afterSuiteCleanup()[pri:0, instance:test.LeaveTests@23529fee]" started-at="2025-12-15T11:22:16 IST" name="afterSuiteCleanup" finished-at="2025-12-15T11:22:16 IST" duration-ms="637" status="PASS">
          <reporter-output>
          </reporter-output>
        </test-method> <!-- afterSuiteCleanup -->
      </class> <!-- test.LeaveTests -->
    </test> <!-- LeaveSuite -->
  </suite> <!-- AutomationSuite -->
</testng-results>
