<?xml version="1.0" encoding="UTF-8"?>
<testng-results ignored="0" total="3" passed="3" failed="0" skipped="0">
  <reporter-output>
  </reporter-output>
  <suite started-at="2025-12-04T11:21:39 IST" name="AutomationSuite" finished-at="2025-12-04T11:23:30 IST" duration-ms="111334">
    <groups>
    </groups>
    <test started-at="2025-12-04T11:21:39 IST" name="RegressionSuite" finished-at="2025-12-04T11:23:30 IST" duration-ms="111334">
      <class name="Test.LoginTests">
        <test-method is-config="true" signature="beforeSuiteSetup()[pri:0, instance:Test.LoginTests@4034c28c]" started-at="2025-12-04T11:21:32 IST" name="beforeSuiteSetup" finished-at="2025-12-04T11:21:39 IST" duration-ms="7235" status="PASS">
          <reporter-output>
          </reporter-output>
        </test-method> <!-- beforeSuiteSetup -->
        <test-method signature="LoginSuite()[pri:0, instance:Test.LoginTests@4034c28c]" started-at="2025-12-04T11:21:39 IST" name="LoginSuite" finished-at="2025-12-04T11:22:10 IST" duration-ms="31457" status="PASS">
          <reporter-output>
          </reporter-output>
        </test-method> <!-- LoginSuite -->
        <test-method is-config="true" signature="getMethodname(java.lang.reflect.Method)[pri:0, instance:Test.LoginTests@4034c28c]" started-at="2025-12-04T11:21:39 IST" name="getMethodname" finished-at="2025-12-04T11:21:39 IST" duration-ms="0" status="PASS">
          <params>
            <param index="0">
              <value>
                <![CDATA[public void Test.LoginTests.LoginSuite() throws java.io.IOException,java.lang.InterruptedException]]>
              </value>
            </param>
          </params>
          <reporter-output>
          </reporter-output>
        </test-method> <!-- getMethodname -->
        <test-method is-config="true" signature="afterSuiteCleanup()[pri:0, instance:Test.LoginTests@4034c28c]" started-at="2025-12-04T11:23:30 IST" name="afterSuiteCleanup" finished-at="2025-12-04T11:23:31 IST" duration-ms="429" status="PASS">
          <reporter-output>
          </reporter-output>
        </test-method> <!-- afterSuiteCleanup -->
      </class> <!-- Test.LoginTests -->
      <class name="Test.PIMTests">
        <test-method is-config="true" signature="getMethodname(java.lang.reflect.Method)[pri:0, instance:Test.PIMTests@23282c25]" started-at="2025-12-04T11:22:10 IST" name="getMethodname" finished-at="2025-12-04T11:22:10 IST" duration-ms="2" status="PASS">
          <params>
            <param index="0">
              <value>
                <![CDATA[public void Test.PIMTests.PIMSuite() throws java.io.IOException,java.lang.InterruptedException]]>
              </value>
            </param>
          </params>
          <reporter-output>
          </reporter-output>
        </test-method> <!-- getMethodname -->
        <test-method signature="PIMSuite()[pri:0, instance:Test.PIMTests@23282c25]" started-at="2025-12-04T11:22:10 IST" name="PIMSuite" finished-at="2025-12-04T11:22:46 IST" duration-ms="35425" status="PASS">
          <reporter-output>
          </reporter-output>
        </test-method> <!-- PIMSuite -->
      </class> <!-- Test.PIMTests -->
      <class name="Test.LeaveTests">
        <test-method is-config="true" signature="getMethodname(java.lang.reflect.Method)[pri:0, instance:Test.LeaveTests@7920ba90]" started-at="2025-12-04T11:22:46 IST" name="getMethodname" finished-at="2025-12-04T11:22:46 IST" duration-ms="1" status="PASS">
          <params>
            <param index="0">
              <value>
                <![CDATA[public void Test.LeaveTests.LeaveSuite() throws java.io.IOException,java.lang.InterruptedException]]>
              </value>
            </param>
          </params>
          <reporter-output>
          </reporter-output>
        </test-method> <!-- getMethodname -->
        <test-method signature="LeaveSuite()[pri:0, instance:Test.LeaveTests@7920ba90]" started-at="2025-12-04T11:22:46 IST" name="LeaveSuite" finished-at="2025-12-04T11:23:30 IST" duration-ms="44362" status="PASS">
          <reporter-output>
          </reporter-output>
        </test-method> <!-- LeaveSuite -->
      </class> <!-- Test.LeaveTests -->
    </test> <!-- RegressionSuite -->
  </suite> <!-- AutomationSuite -->
</testng-results>
